android/app/build/intermediates/manifest_merge_blame_file/debug/processDebugMainManifest/manifest-merger-blame-debug-report.txt
1<?xml version="1.0" encoding="utf-8"?>
2<manifest xmlns:android="http://schemas.android.com/apk/res/android"
3    package="com.isa6966.BouncyBirdNative"
4    android:versionCode="1"
5    android:versionName="1.0.0" >
6
7    <uses-sdk
8        android:minSdkVersion="24"
9        android:targetSdkVersion="35" />
10
11    <uses-permission android:name="android.permission.SYSTEM_ALERT_WINDOW" />
11-->src\main\AndroidManifest.xml:6:3-75
11-->src\main\AndroidManifest.xml:6:20-73
12    <uses-permission android:name="android.permission.INTERNET" />
12-->src\main\AndroidManifest.xml:2:3-64
12-->src\main\AndroidManifest.xml:2:20-62
13    <uses-permission android:name="android.permission.MODIFY_AUDIO_SETTINGS" />
13-->src\main\AndroidManifest.xml:3:3-77
13-->src\main\AndroidManifest.xml:3:20-75
14    <uses-permission android:name="android.permission.READ_EXTERNAL_STORAGE" />
14-->src\main\AndroidManifest.xml:4:3-77
14-->src\main\AndroidManifest.xml:4:20-75
15    <uses-permission android:name="android.permission.RECORD_AUDIO" />
15-->src\main\AndroidManifest.xml:5:3-68
15-->src\main\AndroidManifest.xml:5:20-66
16    <uses-permission android:name="android.permission.VIBRATE" />
16-->src\main\AndroidManifest.xml:7:3-63
16-->src\main\AndroidManifest.xml:7:20-61
17    <uses-permission android:name="android.permission.WRITE_EXTERNAL_STORAGE" />
17-->src\main\AndroidManifest.xml:8:3-78
17-->src\main\AndroidManifest.xml:8:20-76
18
19    <queries>
19-->src\main\AndroidManifest.xml:9:3-15:13
20        <intent>
20-->src\main\AndroidManifest.xml:10:5-14:14
21            <action android:name="android.intent.action.VIEW" />
21-->src\main\AndroidManifest.xml:11:7-58
21-->src\main\AndroidManifest.xml:11:15-56
22
23            <category android:name="android.intent.category.BROWSABLE" />
23-->src\main\AndroidManifest.xml:12:7-67
23-->src\main\AndroidManifest.xml:12:17-65
24
25            <data android:scheme="https" />
25-->src\main\AndroidManifest.xml:13:7-37
25-->src\main\AndroidManifest.xml:13:13-35
26        </intent>
27        <!-- Query open documents -->
28        <intent>
28-->[:expo-file-system] AndroidManifest.xml:15:9-17:18
29            <action android:name="android.intent.action.OPEN_DOCUMENT_TREE" />
29-->[:expo-file-system] AndroidManifest.xml:16:13-79
29-->[:expo-file-system] AndroidManifest.xml:16:21-76
30        </intent> <!-- End of browser content -->
31        <!-- For CustomTabsService -->
32        <intent>
32-->[com.google.android.gms:play-services-ads-api:24.3.0] AndroidManifest.xml:47:9-49:18
33            <action android:name="android.support.customtabs.action.CustomTabsService" />
33-->[com.google.android.gms:play-services-ads-api:24.3.0] AndroidManifest.xml:48:13-90
33-->[com.google.android.gms:play-services-ads-api:24.3.0] AndroidManifest.xml:48:21-87
34        </intent> <!-- End of CustomTabsService -->
35        <!-- For MRAID capabilities -->
36        <intent>
36-->[com.google.android.gms:play-services-ads-api:24.3.0] AndroidManifest.xml:52:9-56:18
37            <action android:name="android.intent.action.INSERT" />
37-->[com.google.android.gms:play-services-ads-api:24.3.0] AndroidManifest.xml:53:13-67
37-->[com.google.android.gms:play-services-ads-api:24.3.0] AndroidManifest.xml:53:21-64
38
39            <data android:mimeType="vnd.android.cursor.dir/event" />
39-->src\main\AndroidManifest.xml:13:7-37
40        </intent>
41        <intent>
41-->[com.google.android.gms:play-services-ads-api:24.3.0] AndroidManifest.xml:57:9-61:18
42            <action android:name="android.intent.action.VIEW" />
42-->src\main\AndroidManifest.xml:11:7-58
42-->src\main\AndroidManifest.xml:11:15-56
43
44            <data android:scheme="sms" />
44-->src\main\AndroidManifest.xml:13:7-37
44-->src\main\AndroidManifest.xml:13:13-35
45        </intent>
46        <intent>
46-->[com.google.android.gms:play-services-ads-api:24.3.0] AndroidManifest.xml:62:9-66:18
47            <action android:name="android.intent.action.DIAL" />
47-->[com.google.android.gms:play-services-ads-api:24.3.0] AndroidManifest.xml:63:13-65
47-->[com.google.android.gms:play-services-ads-api:24.3.0] AndroidManifest.xml:63:21-62
48
49            <data android:path="tel:" />
49-->src\main\AndroidManifest.xml:13:7-37
50        </intent>
51    </queries>
52
53    <uses-permission android:name="android.permission.WAKE_LOCK" />
53-->[:react-native-google-mobile-ads] AndroidManifest.xml:8:5-68
53-->[:react-native-google-mobile-ads] AndroidManifest.xml:8:22-65
54    <uses-permission android:name="android.permission.ACCESS_NETWORK_STATE" />
54-->[:react-native-google-mobile-ads] AndroidManifest.xml:9:5-79
54-->[:react-native-google-mobile-ads] AndroidManifest.xml:9:22-76
55    <uses-permission android:name="com.google.android.gms.permission.AD_ID" />
55-->[com.google.android.gms:play-services-ads-api:24.3.0] AndroidManifest.xml:26:5-79
55-->[com.google.android.gms:play-services-ads-api:24.3.0] AndroidManifest.xml:26:22-76
56    <uses-permission android:name="android.permission.ACCESS_ADSERVICES_AD_ID" />
56-->[com.google.android.gms:play-services-ads-api:24.3.0] AndroidManifest.xml:27:5-82
56-->[com.google.android.gms:play-services-ads-api:24.3.0] AndroidManifest.xml:27:22-79
57    <uses-permission android:name="android.permission.ACCESS_ADSERVICES_ATTRIBUTION" />
57-->[com.google.android.gms:play-services-ads-api:24.3.0] AndroidManifest.xml:28:5-88
57-->[com.google.android.gms:play-services-ads-api:24.3.0] AndroidManifest.xml:28:22-85
58    <uses-permission android:name="android.permission.ACCESS_ADSERVICES_TOPICS" />
58-->[com.google.android.gms:play-services-ads-api:24.3.0] AndroidManifest.xml:29:5-83
58-->[com.google.android.gms:play-services-ads-api:24.3.0] AndroidManifest.xml:29:22-80
59    <uses-permission android:name="android.permission.FOREGROUND_SERVICE" />
59-->[androidx.work:work-runtime:2.7.0] AndroidManifest.xml:28:5-77
59-->[androidx.work:work-runtime:2.7.0] AndroidManifest.xml:28:22-74
60
61    <permission
61-->[androidx.core:core:1.13.1] AndroidManifest.xml:22:5-24:47
62        android:name="com.isa6966.BouncyBirdNative.DYNAMIC_RECEIVER_NOT_EXPORTED_PERMISSION"
62-->[androidx.core:core:1.13.1] AndroidManifest.xml:23:9-81
63        android:protectionLevel="signature" />
63-->[androidx.core:core:1.13.1] AndroidManifest.xml:24:9-44
64
65    <uses-permission android:name="com.isa6966.BouncyBirdNative.DYNAMIC_RECEIVER_NOT_EXPORTED_PERMISSION" />
65-->[androidx.core:core:1.13.1] AndroidManifest.xml:26:5-97
65-->[androidx.core:core:1.13.1] AndroidManifest.xml:26:22-94
66
67    <application
67-->src\main\AndroidManifest.xml:16:3-31:17
68        android:name="com.isa6966.BouncyBirdNative.MainApplication"
68-->src\main\AndroidManifest.xml:16:16-47
69        android:allowBackup="true"
69-->src\main\AndroidManifest.xml:16:162-188
70        android:appComponentFactory="androidx.core.app.CoreComponentFactory"
70-->[androidx.core:core:1.13.1] AndroidManifest.xml:28:18-86
71        android:debuggable="true"
72        android:extractNativeLibs="false"
73        android:icon="@mipmap/ic_launcher"
73-->src\main\AndroidManifest.xml:16:81-115
74        android:label="@string/app_name"
74-->src\main\AndroidManifest.xml:16:48-80
75        android:roundIcon="@mipmap/ic_launcher_round"
75-->src\main\AndroidManifest.xml:16:116-161
76        android:supportsRtl="true"
76-->src\main\AndroidManifest.xml:16:221-247
77        android:theme="@style/AppTheme"
77-->src\main\AndroidManifest.xml:16:189-220
78        android:usesCleartextTraffic="true" >
78-->src\debug\AndroidManifest.xml:6:18-53
79        <meta-data
79-->src\main\AndroidManifest.xml:17:5-159
80            android:name="com.google.android.gms.ads.APPLICATION_ID"
80-->src\main\AndroidManifest.xml:17:16-72
81            android:value="ca-app-pub-5549683451413930~5056119585" />
81-->src\main\AndroidManifest.xml:17:73-127
82        <meta-data
82-->src\main\AndroidManifest.xml:18:5-135
83            android:name="com.google.android.gms.ads.flag.OPTIMIZE_AD_LOADING"
83-->src\main\AndroidManifest.xml:18:16-82
84            android:value="true" />
84-->src\main\AndroidManifest.xml:18:83-103
85        <meta-data
85-->src\main\AndroidManifest.xml:19:5-139
86            android:name="com.google.android.gms.ads.flag.OPTIMIZE_INITIALIZATION"
86-->src\main\AndroidManifest.xml:19:16-86
87            android:value="true" />
87-->src\main\AndroidManifest.xml:19:87-107
88        <meta-data
88-->src\main\AndroidManifest.xml:20:5-82
89            android:name="expo.modules.updates.ENABLED"
89-->src\main\AndroidManifest.xml:20:16-59
90            android:value="true" />
90-->src\main\AndroidManifest.xml:20:60-80
91        <meta-data
91-->src\main\AndroidManifest.xml:21:5-119
92            android:name="expo.modules.updates.EXPO_RUNTIME_VERSION"
92-->src\main\AndroidManifest.xml:21:16-72
93            android:value="@string/expo_runtime_version" />
93-->src\main\AndroidManifest.xml:21:73-117
94        <meta-data
94-->src\main\AndroidManifest.xml:22:5-105
95            android:name="expo.modules.updates.EXPO_UPDATES_CHECK_ON_LAUNCH"
95-->src\main\AndroidManifest.xml:22:16-80
96            android:value="ALWAYS" />
96-->src\main\AndroidManifest.xml:22:81-103
97        <meta-data
97-->src\main\AndroidManifest.xml:23:5-99
98            android:name="expo.modules.updates.EXPO_UPDATES_LAUNCH_WAIT_MS"
98-->src\main\AndroidManifest.xml:23:16-79
99            android:value="0" />
99-->src\main\AndroidManifest.xml:23:80-97
100        <meta-data
100-->src\main\AndroidManifest.xml:24:5-120
101            android:name="expo.modules.updates.EXPO_UPDATE_URL"
101-->src\main\AndroidManifest.xml:24:16-67
102            android:value="https://u.expo.dev/your-project-id" />
102-->src\main\AndroidManifest.xml:24:68-118
103
104        <activity
104-->src\main\AndroidManifest.xml:25:5-30:16
105            android:name="com.isa6966.BouncyBirdNative.MainActivity"
105-->src\main\AndroidManifest.xml:25:15-43
106            android:configChanges="keyboard|keyboardHidden|orientation|screenSize|screenLayout|uiMode"
106-->src\main\AndroidManifest.xml:25:44-134
107            android:exported="true"
107-->src\main\AndroidManifest.xml:25:256-279
108            android:launchMode="singleTask"
108-->src\main\AndroidManifest.xml:25:135-166
109            android:screenOrientation="portrait"
109-->src\main\AndroidManifest.xml:25:280-316
110            android:theme="@style/Theme.App.SplashScreen"
110-->src\main\AndroidManifest.xml:25:210-255
111            android:windowSoftInputMode="adjustResize" >
111-->src\main\AndroidManifest.xml:25:167-209
112            <intent-filter>
112-->src\main\AndroidManifest.xml:26:7-29:23
113                <action android:name="android.intent.action.MAIN" />
113-->src\main\AndroidManifest.xml:27:9-60
113-->src\main\AndroidManifest.xml:27:17-58
114
115                <category android:name="android.intent.category.LAUNCHER" />
115-->src\main\AndroidManifest.xml:28:9-68
115-->src\main\AndroidManifest.xml:28:19-66
116            </intent-filter>
117        </activity>
118
119        <meta-data
119-->[:react-native-google-mobile-ads] AndroidManifest.xml:15:9-17:37
120            android:name="com.google.android.gms.ads.DELAY_APP_MEASUREMENT_INIT"
120-->[:react-native-google-mobile-ads] AndroidManifest.xml:16:13-81
121            android:value="false" />
121-->[:react-native-google-mobile-ads] AndroidManifest.xml:17:13-34
122        <meta-data
122-->[:expo-modules-core] AndroidManifest.xml:9:9-11:89
123            android:name="org.unimodules.core.AppLoader#react-native-headless"
123-->[:expo-modules-core] AndroidManifest.xml:10:13-79
124            android:value="expo.modules.adapters.react.apploader.RNHeadlessAppLoader" />
124-->[:expo-modules-core] AndroidManifest.xml:11:13-86
125        <meta-data
125-->[:expo-modules-core] AndroidManifest.xml:12:9-15:45
126            android:name="com.facebook.soloader.enabled"
126-->[:expo-modules-core] AndroidManifest.xml:13:13-57
127            android:value="true" />
127-->[:expo-modules-core] AndroidManifest.xml:14:13-33
128
129        <activity
129-->[com.facebook.react:react-android:0.79.3] AndroidManifest.xml:19:9-21:40
130            android:name="com.facebook.react.devsupport.DevSettingsActivity"
130-->[com.facebook.react:react-android:0.79.3] AndroidManifest.xml:20:13-77
131            android:exported="false" />
131-->[com.facebook.react:react-android:0.79.3] AndroidManifest.xml:21:13-37
132
133        <provider
133-->[:expo-file-system] AndroidManifest.xml:21:9-30:20
134            android:name="expo.modules.filesystem.FileSystemFileProvider"
134-->[:expo-file-system] AndroidManifest.xml:22:13-74
135            android:authorities="com.isa6966.BouncyBirdNative.FileSystemFileProvider"
135-->[:expo-file-system] AndroidManifest.xml:23:13-74
136            android:exported="false"
136-->[:expo-file-system] AndroidManifest.xml:24:13-37
137            android:grantUriPermissions="true" >
137-->[:expo-file-system] AndroidManifest.xml:25:13-47
138            <meta-data
138-->[:expo-file-system] AndroidManifest.xml:27:13-29:70
139                android:name="android.support.FILE_PROVIDER_PATHS"
139-->[:expo-file-system] AndroidManifest.xml:28:17-67
140                android:resource="@xml/file_system_provider_paths" />
140-->[:expo-file-system] AndroidManifest.xml:29:17-67
141        </provider>
142
143        <uses-library
143-->[androidx.privacysandbox.ads:ads-adservices:1.0.0-beta05] AndroidManifest.xml:23:9-25:40
144            android:name="android.ext.adservices"
144-->[androidx.privacysandbox.ads:ads-adservices:1.0.0-beta05] AndroidManifest.xml:24:13-50
145            android:required="false" /> <!-- Include the AdActivity and InAppPurchaseActivity configChanges and themes. -->
145-->[androidx.privacysandbox.ads:ads-adservices:1.0.0-beta05] AndroidManifest.xml:25:13-37
146        <activity
146-->[com.google.android.gms:play-services-ads-api:24.3.0] AndroidManifest.xml:73:9-78:43
147            android:name="com.google.android.gms.ads.AdActivity"
147-->[com.google.android.gms:play-services-ads-api:24.3.0] AndroidManifest.xml:74:13-65
148            android:configChanges="keyboard|keyboardHidden|orientation|screenLayout|uiMode|screenSize|smallestScreenSize"
148-->[com.google.android.gms:play-services-ads-api:24.3.0] AndroidManifest.xml:75:13-122
149            android:exported="false"
149-->[com.google.android.gms:play-services-ads-api:24.3.0] AndroidManifest.xml:76:13-37
150            android:theme="@android:style/Theme.Translucent" />
150-->[com.google.android.gms:play-services-ads-api:24.3.0] AndroidManifest.xml:77:13-61
151
152        <provider
152-->[com.google.android.gms:play-services-ads-api:24.3.0] AndroidManifest.xml:80:9-85:43
153            android:name="com.google.android.gms.ads.MobileAdsInitProvider"
153-->[com.google.android.gms:play-services-ads-api:24.3.0] AndroidManifest.xml:81:13-76
154            android:authorities="com.isa6966.BouncyBirdNative.mobileadsinitprovider"
154-->[com.google.android.gms:play-services-ads-api:24.3.0] AndroidManifest.xml:82:13-73
155            android:exported="false"
155-->[com.google.android.gms:play-services-ads-api:24.3.0] AndroidManifest.xml:83:13-37
156            android:initOrder="100" />
156-->[com.google.android.gms:play-services-ads-api:24.3.0] AndroidManifest.xml:84:13-36
157
158        <service
158-->[com.google.android.gms:play-services-ads-api:24.3.0] AndroidManifest.xml:87:9-91:43
159            android:name="com.google.android.gms.ads.AdService"
159-->[com.google.android.gms:play-services-ads-api:24.3.0] AndroidManifest.xml:88:13-64
160            android:enabled="true"
160-->[com.google.android.gms:play-services-ads-api:24.3.0] AndroidManifest.xml:89:13-35
161            android:exported="false" />
161-->[com.google.android.gms:play-services-ads-api:24.3.0] AndroidManifest.xml:90:13-37
162
163        <activity
163-->[com.google.android.gms:play-services-ads-api:24.3.0] AndroidManifest.xml:93:9-97:43
164            android:name="com.google.android.gms.ads.OutOfContextTestingActivity"
164-->[com.google.android.gms:play-services-ads-api:24.3.0] AndroidManifest.xml:94:13-82
165            android:configChanges="keyboard|keyboardHidden|orientation|screenLayout|uiMode|screenSize|smallestScreenSize"
165-->[com.google.android.gms:play-services-ads-api:24.3.0] AndroidManifest.xml:95:13-122
166            android:exported="false" />
166-->[com.google.android.gms:play-services-ads-api:24.3.0] AndroidManifest.xml:96:13-37
167        <activity
167-->[com.google.android.gms:play-services-ads-api:24.3.0] AndroidManifest.xml:98:9-105:43
168            android:name="com.google.android.gms.ads.NotificationHandlerActivity"
168-->[com.google.android.gms:play-services-ads-api:24.3.0] AndroidManifest.xml:99:13-82
169            android:excludeFromRecents="true"
169-->[com.google.android.gms:play-services-ads-api:24.3.0] AndroidManifest.xml:100:13-46
170            android:exported="false"
170-->[com.google.android.gms:play-services-ads-api:24.3.0] AndroidManifest.xml:101:13-37
171            android:launchMode="singleTask"
171-->[com.google.android.gms:play-services-ads-api:24.3.0] AndroidManifest.xml:102:13-44
172            android:taskAffinity=""
172-->[com.google.android.gms:play-services-ads-api:24.3.0] AndroidManifest.xml:103:13-36
173            android:theme="@android:style/Theme.Translucent.NoTitleBar" />
173-->[com.google.android.gms:play-services-ads-api:24.3.0] AndroidManifest.xml:104:13-72
174        <activity
174-->[com.google.android.gms:play-services-base:18.0.0] AndroidManifest.xml:20:9-22:45
175            android:name="com.google.android.gms.common.api.GoogleApiActivity"
175-->[com.google.android.gms:play-services-base:18.0.0] AndroidManifest.xml:20:19-85
176            android:exported="false"
176-->[com.google.android.gms:play-services-base:18.0.0] AndroidManifest.xml:22:19-43
177            android:theme="@android:style/Theme.Translucent.NoTitleBar" />
177-->[com.google.android.gms:play-services-base:18.0.0] AndroidManifest.xml:21:19-78
178
179        <meta-data
179-->[com.google.android.gms:play-services-basement:18.4.0] AndroidManifest.xml:6:9-122
180            android:name="com.google.android.gms.version"
180-->[com.google.android.gms:play-services-basement:18.4.0] AndroidManifest.xml:6:20-65
181            android:value="@integer/google_play_services_version" />
181-->[com.google.android.gms:play-services-basement:18.4.0] AndroidManifest.xml:6:66-119
182
183        <provider
183-->[androidx.emoji2:emoji2:1.3.0] AndroidManifest.xml:24:9-32:20
184            android:name="androidx.startup.InitializationProvider"
184-->[androidx.emoji2:emoji2:1.3.0] AndroidManifest.xml:25:13-67
185            android:authorities="com.isa6966.BouncyBirdNative.androidx-startup"
185-->[androidx.emoji2:emoji2:1.3.0] AndroidManifest.xml:26:13-68
186            android:exported="false" >
186-->[androidx.emoji2:emoji2:1.3.0] AndroidManifest.xml:27:13-37
187            <meta-data
187-->[androidx.emoji2:emoji2:1.3.0] AndroidManifest.xml:29:13-31:52
188                android:name="androidx.emoji2.text.EmojiCompatInitializer"
188-->[androidx.emoji2:emoji2:1.3.0] AndroidManifest.xml:30:17-75
189                android:value="androidx.startup" />
189-->[androidx.emoji2:emoji2:1.3.0] AndroidManifest.xml:31:17-49
190            <meta-data
190-->[androidx.work:work-runtime:2.7.0] AndroidManifest.xml:36:13-38:52
191                android:name="androidx.work.WorkManagerInitializer"
191-->[androidx.work:work-runtime:2.7.0] AndroidManifest.xml:37:17-68
192                android:value="androidx.startup" />
192-->[androidx.work:work-runtime:2.7.0] AndroidManifest.xml:38:17-49
193            <meta-data
193-->[androidx.lifecycle:lifecycle-process:2.6.2] AndroidManifest.xml:29:13-31:52
194                android:name="androidx.lifecycle.ProcessLifecycleInitializer"
194-->[androidx.lifecycle:lifecycle-process:2.6.2] AndroidManifest.xml:30:17-78
195                android:value="androidx.startup" />
195-->[androidx.lifecycle:lifecycle-process:2.6.2] AndroidManifest.xml:31:17-49
196            <meta-data
196-->[androidx.profileinstaller:profileinstaller:1.3.1] AndroidManifest.xml:29:13-31:52
197                android:name="androidx.profileinstaller.ProfileInstallerInitializer"
197-->[androidx.profileinstaller:profileinstaller:1.3.1] AndroidManifest.xml:30:17-85
198                android:value="androidx.startup" />
198-->[androidx.profileinstaller:profileinstaller:1.3.1] AndroidManifest.xml:31:17-49
199        </provider>
200
201        <service
201-->[androidx.work:work-runtime:2.7.0] AndroidManifest.xml:41:9-46:35
202            android:name="androidx.work.impl.background.systemalarm.SystemAlarmService"
202-->[androidx.work:work-runtime:2.7.0] AndroidManifest.xml:42:13-88
203            android:directBootAware="false"
203-->[androidx.work:work-runtime:2.7.0] AndroidManifest.xml:43:13-44
204            android:enabled="@bool/enable_system_alarm_service_default"
204-->[androidx.work:work-runtime:2.7.0] AndroidManifest.xml:44:13-72
205            android:exported="false" />
205-->[androidx.work:work-runtime:2.7.0] AndroidManifest.xml:45:13-37
206        <service
206-->[androidx.work:work-runtime:2.7.0] AndroidManifest.xml:47:9-53:35
207            android:name="androidx.work.impl.background.systemjob.SystemJobService"
207-->[androidx.work:work-runtime:2.7.0] AndroidManifest.xml:48:13-84
208            android:directBootAware="false"
208-->[androidx.work:work-runtime:2.7.0] AndroidManifest.xml:49:13-44
209            android:enabled="@bool/enable_system_job_service_default"
209-->[androidx.work:work-runtime:2.7.0] AndroidManifest.xml:50:13-70
210            android:exported="true"
210-->[androidx.work:work-runtime:2.7.0] AndroidManifest.xml:51:13-36
211            android:permission="android.permission.BIND_JOB_SERVICE" />
211-->[androidx.work:work-runtime:2.7.0] AndroidManifest.xml:52:13-69
212        <service
212-->[androidx.work:work-runtime:2.7.0] AndroidManifest.xml:54:9-59:35
213            android:name="androidx.work.impl.foreground.SystemForegroundService"
213-->[androidx.work:work-runtime:2.7.0] AndroidManifest.xml:55:13-81
214            android:directBootAware="false"
214-->[androidx.work:work-runtime:2.7.0] AndroidManifest.xml:56:13-44
215            android:enabled="@bool/enable_system_foreground_service_default"
215-->[androidx.work:work-runtime:2.7.0] AndroidManifest.xml:57:13-77
216            android:exported="false" />
216-->[androidx.work:work-runtime:2.7.0] AndroidManifest.xml:58:13-37
217
218        <receiver
218-->[androidx.work:work-runtime:2.7.0] AndroidManifest.xml:61:9-66:35
219            android:name="androidx.work.impl.utils.ForceStopRunnable$BroadcastReceiver"
219-->[androidx.work:work-runtime:2.7.0] AndroidManifest.xml:62:13-88
220            android:directBootAware="false"
220-->[androidx.work:work-runtime:2.7.0] AndroidManifest.xml:63:13-44
221            android:enabled="true"
221-->[androidx.work:work-runtime:2.7.0] AndroidManifest.xml:64:13-35
222            android:exported="false" />
222-->[androidx.work:work-runtime:2.7.0] AndroidManifest.xml:65:13-37
223        <receiver
223-->[androidx.work:work-runtime:2.7.0] AndroidManifest.xml:67:9-77:20
224            android:name="androidx.work.impl.background.systemalarm.ConstraintProxy$BatteryChargingProxy"
224-->[androidx.work:work-runtime:2.7.0] AndroidManifest.xml:68:13-106
225            android:directBootAware="false"
225-->[androidx.work:work-runtime:2.7.0] AndroidManifest.xml:69:13-44
226            android:enabled="false"
226-->[androidx.work:work-runtime:2.7.0] AndroidManifest.xml:70:13-36
227            android:exported="false" >
227-->[androidx.work:work-runtime:2.7.0] AndroidManifest.xml:71:13-37
228            <intent-filter>
228-->[androidx.work:work-runtime:2.7.0] AndroidManifest.xml:73:13-76:29
229                <action android:name="android.intent.action.ACTION_POWER_CONNECTED" />
229-->[androidx.work:work-runtime:2.7.0] AndroidManifest.xml:74:17-87
229-->[androidx.work:work-runtime:2.7.0] AndroidManifest.xml:74:25-84
230                <action android:name="android.intent.action.ACTION_POWER_DISCONNECTED" />
230-->[androidx.work:work-runtime:2.7.0] AndroidManifest.xml:75:17-90
230-->[androidx.work:work-runtime:2.7.0] AndroidManifest.xml:75:25-87
231            </intent-filter>
232        </receiver>
233        <receiver
233-->[androidx.work:work-runtime:2.7.0] AndroidManifest.xml:78:9-88:20
234            android:name="androidx.work.impl.background.systemalarm.ConstraintProxy$BatteryNotLowProxy"
234-->[androidx.work:work-runtime:2.7.0] AndroidManifest.xml:79:13-104
235            android:directBootAware="false"
235-->[androidx.work:work-runtime:2.7.0] AndroidManifest.xml:80:13-44
236            android:enabled="false"
236-->[androidx.work:work-runtime:2.7.0] AndroidManifest.xml:81:13-36
237            android:exported="false" >
237-->[androidx.work:work-runtime:2.7.0] AndroidManifest.xml:82:13-37
238            <intent-filter>
238-->[androidx.work:work-runtime:2.7.0] AndroidManifest.xml:84:13-87:29
239                <action android:name="android.intent.action.BATTERY_OKAY" />
239-->[androidx.work:work-runtime:2.7.0] AndroidManifest.xml:85:17-77
239-->[androidx.work:work-runtime:2.7.0] AndroidManifest.xml:85:25-74
240                <action android:name="android.intent.action.BATTERY_LOW" />
240-->[androidx.work:work-runtime:2.7.0] AndroidManifest.xml:86:17-76
240-->[androidx.work:work-runtime:2.7.0] AndroidManifest.xml:86:25-73
241            </intent-filter>
242        </receiver>
243        <receiver
243-->[androidx.work:work-runtime:2.7.0] AndroidManifest.xml:89:9-99:20
244            android:name="androidx.work.impl.background.systemalarm.ConstraintProxy$StorageNotLowProxy"
244-->[androidx.work:work-runtime:2.7.0] AndroidManifest.xml:90:13-104
245            android:directBootAware="false"
245-->[androidx.work:work-runtime:2.7.0] AndroidManifest.xml:91:13-44
246            android:enabled="false"
246-->[androidx.work:work-runtime:2.7.0] AndroidManifest.xml:92:13-36
247            android:exported="false" >
247-->[androidx.work:work-runtime:2.7.0] AndroidManifest.xml:93:13-37
248            <intent-filter>
248-->[androidx.work:work-runtime:2.7.0] AndroidManifest.xml:95:13-98:29
249                <action android:name="android.intent.action.DEVICE_STORAGE_LOW" />
249-->[androidx.work:work-runtime:2.7.0] AndroidManifest.xml:96:17-83
249-->[androidx.work:work-runtime:2.7.0] AndroidManifest.xml:96:25-80
250                <action android:name="android.intent.action.DEVICE_STORAGE_OK" />
250-->[androidx.work:work-runtime:2.7.0] AndroidManifest.xml:97:17-82
250-->[androidx.work:work-runtime:2.7.0] AndroidManifest.xml:97:25-79
251            </intent-filter>
252        </receiver>
253        <receiver
253-->[androidx.work:work-runtime:2.7.0] AndroidManifest.xml:100:9-109:20
254            android:name="androidx.work.impl.background.systemalarm.ConstraintProxy$NetworkStateProxy"
254-->[androidx.work:work-runtime:2.7.0] AndroidManifest.xml:101:13-103
255            android:directBootAware="false"
255-->[androidx.work:work-runtime:2.7.0] AndroidManifest.xml:102:13-44
256            android:enabled="false"
256-->[androidx.work:work-runtime:2.7.0] AndroidManifest.xml:103:13-36
257            android:exported="false" >
257-->[androidx.work:work-runtime:2.7.0] AndroidManifest.xml:104:13-37
258            <intent-filter>
258-->[androidx.work:work-runtime:2.7.0] AndroidManifest.xml:106:13-108:29
259                <action android:name="android.net.conn.CONNECTIVITY_CHANGE" />
259-->[androidx.work:work-runtime:2.7.0] AndroidManifest.xml:107:17-79
259-->[androidx.work:work-runtime:2.7.0] AndroidManifest.xml:107:25-76
260            </intent-filter>
261        </receiver>
262        <receiver
262-->[androidx.work:work-runtime:2.7.0] AndroidManifest.xml:110:9-121:20
263            android:name="androidx.work.impl.background.systemalarm.RescheduleReceiver"
263-->[androidx.work:work-runtime:2.7.0] AndroidManifest.xml:111:13-88
264            android:directBootAware="false"
264-->[androidx.work:work-runtime:2.7.0] AndroidManifest.xml:112:13-44
265            android:enabled="false"
265-->[androidx.work:work-runtime:2.7.0] AndroidManifest.xml:113:13-36
266            android:exported="false" >
266-->[androidx.work:work-runtime:2.7.0] AndroidManifest.xml:114:13-37
267            <intent-filter>
267-->[androidx.work:work-runtime:2.7.0] AndroidManifest.xml:116:13-120:29
268                <action android:name="android.intent.action.BOOT_COMPLETED" />
268-->[androidx.work:work-runtime:2.7.0] AndroidManifest.xml:117:17-79
268-->[androidx.work:work-runtime:2.7.0] AndroidManifest.xml:117:25-76
269                <action android:name="android.intent.action.TIME_SET" />
269-->[androidx.work:work-runtime:2.7.0] AndroidManifest.xml:118:17-73
269-->[androidx.work:work-runtime:2.7.0] AndroidManifest.xml:118:25-70
270                <action android:name="android.intent.action.TIMEZONE_CHANGED" />
270-->[androidx.work:work-runtime:2.7.0] AndroidManifest.xml:119:17-81
270-->[androidx.work:work-runtime:2.7.0] AndroidManifest.xml:119:25-78
271            </intent-filter>
272        </receiver>
273        <receiver
273-->[androidx.work:work-runtime:2.7.0] AndroidManifest.xml:122:9-131:20
274            android:name="androidx.work.impl.background.systemalarm.ConstraintProxyUpdateReceiver"
274-->[androidx.work:work-runtime:2.7.0] AndroidManifest.xml:123:13-99
275            android:directBootAware="false"
275-->[androidx.work:work-runtime:2.7.0] AndroidManifest.xml:124:13-44
276            android:enabled="@bool/enable_system_alarm_service_default"
276-->[androidx.work:work-runtime:2.7.0] AndroidManifest.xml:125:13-72
277            android:exported="false" >
277-->[androidx.work:work-runtime:2.7.0] AndroidManifest.xml:126:13-37
278            <intent-filter>